Flow report for OrionCOM-AY
Fri Feb  5 16:21:35 2021
Quartus II 32-bit Version 13.0.1 Build 232 06/12/2013 Service Pack 1 SJ Web Edition


---------------------
; Table of Contents ;
---------------------
  1. Legal Notice
  2. Flow Summary
  3. Flow Settings
  4. Flow Non-Default Global Settings
  5. Flow Elapsed Time
  6. Flow OS Summary
  7. Flow Log
  8. Flow Messages
  9. Flow Suppressed Messages



----------------
; Legal Notice ;
----------------
Copyright (C) 1991-2013 Altera Corporation
Your use of Altera Corporation's design tools, logic functions 
and other software and tools, and its AMPP partner logic 
functions, and any output files from any of the foregoing 
(including device programming or simulation files), and any 
associated documentation or information are expressly subject 
to the terms and conditions of the Altera Program License 
Subscription Agreement, Altera MegaCore Function License 
Agreement, or other applicable license agreement, including, 
without limitation, that your use is for the sole purpose of 
programming logic devices manufactured by Altera and sold by 
Altera or its authorized distributors.  Please refer to the 
applicable agreement for further details.



+-----------------------------------------------------------------------------+
; Flow Summary                                                                ;
+---------------------------+-------------------------------------------------+
; Flow Status               ; Successful - Fri Feb  5 16:21:34 2021           ;
; Quartus II 32-bit Version ; 13.0.1 Build 232 06/12/2013 SP 1 SJ Web Edition ;
; Revision Name             ; OrionCOM-AY                                     ;
; Top-level Entity Name     ; OrionCOM_AY                                     ;
; Family                    ; MAX7000S                                        ;
; Device                    ; EPM7064STC44-7                                  ;
; Timing Models             ; Final                                           ;
; Total macrocells          ; 22 / 64 ( 34 % )                                ;
; Total pins                ; 35 / 36 ( 97 % )                                ;
+---------------------------+-------------------------------------------------+


+-----------------------------------------+
; Flow Settings                           ;
+-------------------+---------------------+
; Option            ; Setting             ;
+-------------------+---------------------+
; Start date & time ; 02/05/2021 16:21:20 ;
; Main task         ; Compilation         ;
; Revision Name     ; OrionCOM-AY         ;
+-------------------+---------------------+


+-----------------------------------------------------------------------------------------------------+
; Flow Non-Default Global Settings                                                                    ;
+--------------------------+---------------------------+---------------+-------------+----------------+
; Assignment Name          ; Value                     ; Default Value ; Entity Name ; Section Id     ;
+--------------------------+---------------------------+---------------+-------------+----------------+
; COMPILER_SIGNATURE_ID    ; 0.161253128028552         ; --            ; --          ; --             ;
; EDA_OUTPUT_DATA_FORMAT   ; Verilog Hdl               ; --            ; --          ; eda_simulation ;
; EDA_SIMULATION_TOOL      ; ModelSim-Altera (Verilog) ; <None>        ; --          ; --             ;
; FITTER_EFFORT            ; Standard Fit              ; Auto Fit      ; --          ; --             ;
; OPTIMIZE_HOLD_TIMING     ; Off                       ; --            ; --          ; --             ;
; PROJECT_OUTPUT_DIRECTORY ; output_files              ; --            ; --          ; --             ;
; TOP_LEVEL_ENTITY         ; OrionCOM_AY               ; OrionCOM-AY   ; --          ; --             ;
+--------------------------+---------------------------+---------------+-------------+----------------+


+-------------------------------------------------------------------------------------------------------------------------------+
; Flow Elapsed Time                                                                                                             ;
+---------------------------+--------------+-------------------------+---------------------+------------------------------------+
; Module Name               ; Elapsed Time ; Average Processors Used ; Peak Virtual Memory ; Total CPU Time (on all processors) ;
+---------------------------+--------------+-------------------------+---------------------+------------------------------------+
; Analysis & Synthesis      ; 00:00:03     ; 1.0                     ; 335 MB              ; 00:00:01                           ;
; Fitter                    ; 00:00:02     ; 1.0                     ; 294 MB              ; 00:00:01                           ;
; Assembler                 ; 00:00:00     ; 1.0                     ; 299 MB              ; 00:00:00                           ;
; TimeQuest Timing Analyzer ; 00:00:01     ; 1.0                     ; 285 MB              ; 00:00:01                           ;
; EDA Netlist Writer        ; 00:00:00     ; 1.0                     ; 293 MB              ; 00:00:00                           ;
; Total                     ; 00:00:06     ; --                      ; --                  ; 00:00:03                           ;
+---------------------------+--------------+-------------------------+---------------------+------------------------------------+


+-----------------------------------------------------------------------------------------+
; Flow OS Summary                                                                         ;
+---------------------------+------------------+------------+------------+----------------+
; Module Name               ; Machine Hostname ; OS Name    ; OS Version ; Processor type ;
+---------------------------+------------------+------------+------------+----------------+
; Analysis & Synthesis      ; my-note      ; Linux Mint ; 19         ; x86_64         ;
; Fitter                    ; my-note      ; Linux Mint ; 19         ; x86_64         ;
; Assembler                 ; my-note      ; Linux Mint ; 19         ; x86_64         ;
; TimeQuest Timing Analyzer ; my-note      ; Linux Mint ; 19         ; x86_64         ;
; EDA Netlist Writer        ; my-note      ; Linux Mint ; 19         ; x86_64         ;
+---------------------------+------------------+------------+------------+----------------+


------------
; Flow Log ;
------------
quartus_map --read_settings_files=on --write_settings_files=off OrionCOM-AY -c OrionCOM-AY
quartus_fit --read_settings_files=off --write_settings_files=off OrionCOM-AY -c OrionCOM-AY
quartus_asm --read_settings_files=off --write_settings_files=off OrionCOM-AY -c OrionCOM-AY
quartus_sta OrionCOM-AY -c OrionCOM-AY
quartus_eda --read_settings_files=off --write_settings_files=off OrionCOM-AY -c OrionCOM-AY



